Jarvis March
n: 1000 	2e-05
n: 1500 	3e-05
n: 2000 	4.1e-05
n: 2500 	4.8e-05
n: 3000 	7.3e-05
n: 3500 	9.4e-05
n: 4000 	8.4e-05
n: 4500 	0.000129
n: 5000 	0.000142
n: 5500 	0.000146
n: 6000 	0.00019
n: 6500 	0.000188
n: 7000 	0.000179
n: 7500 	0.00035
n: 8000 	0.000431
n: 8500 	0.000364
n: 9000 	0.00047
n: 9500 	0.000495
n: 10000 	0.00049

Graham's Scan
n: 1000 	0.000172
n: 1500 	0.000258
n: 2000 	0.000354
n: 2500 	0.000283
n: 3000 	0.000567
n: 3500 	0.000666
n: 4000 	0.000766
n: 4500 	0.00092
n: 5000 	0.001051
n: 5500 	0.001129
n: 6000 	0.001218
n: 6500 	0.001261
n: 7000 	0.001455
n: 7500 	0.001574
n: 8000 	0.001685
n: 8500 	0.001789
n: 9000 	0.00192
n: 9500 	0.002022
n: 10000 	0.002188

Chan's Algorithim
n: 1000 	0.004258
n: 1500 	0.025007
n: 2000 	0.012834
n: 2500 	0.014582
n: 3000 	0.041238
n: 3500 	0.021144
n: 4000 	0.027568
n: 4500 	0.029431
n: 5000 	0.032604
n: 5500 	0.034897
n: 6000 	0.062399
n: 6500 	0.047491
n: 7000 	0.043163
n: 7500 	0.055993
n: 8000 	0.059138
n: 8500 	0.058891
n: 9000 	0.065436
n: 9500 	0.070123
n: 10000 	0.07252
